<?xml version="1.0" encoding="UTF-8"?>
<testng-results ignored="0" total="3" passed="3" failed="0" skipped="0">
  <reporter-output>
  </reporter-output>
  <suite started-at="2022-06-11T14:03:22 ICT" name="UsersSuite" finished-at="2022-06-11T14:03:29 ICT" duration-ms="7098">
    <groups>
    </groups>
    <test started-at="2022-06-11T14:03:22 ICT" name="UsersTest" finished-at="2022-06-11T14:03:29 ICT" duration-ms="7098">
      <class name="test3">
        <test-method signature="ketiga()[pri:0, instance:test3@1ddf84b8]" started-at="2022-06-11T14:03:27 ICT" name="ketiga" finished-at="2022-06-11T14:03:29 ICT" duration-ms="2494" status="PASS">
          <reporter-output>
          </reporter-output>
        </test-method> <!-- ketiga -->
      </class> <!-- test3 -->
      <class name="users.listusertest">
        <test-method signature="successGetUsers(org.testng.ITestContext)[pri:0, instance:users.listusertest@7e0b85f9]" started-at="2022-06-11T14:03:22 ICT" name="successGetUsers" finished-at="2022-06-11T14:03:27 ICT" duration-ms="4387" status="PASS">
          <params>
            <param index="0">
              <value>
                <![CDATA[org.testng.TestRunner@776aec5c]]>
              </value>
            </param>
          </params>
          <reporter-output>
          </reporter-output>
        </test-method> <!-- successGetUsers -->
      </class> <!-- users.listusertest -->
      <class name="users.singleusertest">
        <test-method signature="pertama(org.testng.ITestContext)[pri:0, instance:users.singleusertest@5c30a9b0]" started-at="2022-06-11T14:03:27 ICT" name="pertama" finished-at="2022-06-11T14:03:27 ICT" duration-ms="129" status="PASS">
          <params>
            <param index="0">
              <value>
                <![CDATA[org.testng.TestRunner@776aec5c]]>
              </value>
            </param>
          </params>
          <reporter-output>
          </reporter-output>
        </test-method> <!-- pertama -->
      </class> <!-- users.singleusertest -->
    </test> <!-- UsersTest -->
  </suite> <!-- UsersSuite -->
</testng-results>
